<?xml version="1.0" encoding="UTF-8"?>
<testsuite xmlns:xsi="http://www.w3.org/2001/XMLSchema-instance" xsi:noNamespaceSchemaLocation="https://maven.apache.org/surefire/maven-surefire-plugin/xsd/surefire-test-report-3.0.xsd" version="3.0" name="TestSuite" time="0.301" tests="24" errors="0" skipped="0" failures="0">
  <properties>
    <property name="awt.toolkit" value="sun.lwawt.macosx.LWCToolkit"/>
    <property name="java.specification.version" value="12"/>
    <property name="sun.jnu.encoding" value="UTF-8"/>
    <property name="java.class.path" value="/Users/marvin.dean/IdeaProjects/integrationtests/target/test-classes:/Users/marvin.dean/IdeaProjects/integrationtests/target/classes:/Users/marvin.dean/.m2/repository/org/testng/testng/6.8/testng-6.8.jar:/Users/marvin.dean/.m2/repository/junit/junit/4.10/junit-4.10.jar:/Users/marvin.dean/.m2/repository/org/hamcrest/hamcrest-core/1.1/hamcrest-core-1.1.jar:/Users/marvin.dean/.m2/repository/org/beanshell/bsh/2.0b4/bsh-2.0b4.jar:/Users/marvin.dean/.m2/repository/com/beust/jcommander/1.27/jcommander-1.27.jar:/Users/marvin.dean/.m2/repository/org/yaml/snakeyaml/1.6/snakeyaml-1.6.jar:"/>
    <property name="java.vm.vendor" value="Oracle Corporation"/>
    <property name="sun.arch.data.model" value="64"/>
    <property name="java.vendor.url" value="https://java.oracle.com/"/>
    <property name="os.name" value="Mac OS X"/>
    <property name="java.vm.specification.version" value="12"/>
    <property name="sun.java.launcher" value="SUN_STANDARD"/>
    <property name="user.country" value="US"/>
    <property name="sun.boot.library.path" value="/Library/Java/JavaVirtualMachines/openjdk-12.0.1.jdk/Contents/Home/lib"/>
    <property name="sun.java.command" value="/Users/marvin.dean/IdeaProjects/integrationtests/target/surefire/surefirebooter18328507890350574934.jar /Users/marvin.dean/IdeaProjects/integrationtests/target/surefire 2019-06-06T14-48-30_837-jvmRun1 surefire7495227755171861779tmp surefire_017480106460660294905tmp"/>
    <property name="http.nonProxyHosts" value="local|*.local|169.254/16|*.169.254/16"/>
    <property name="jdk.debug" value="release"/>
    <property name="surefire.test.class.path" value="/Users/marvin.dean/IdeaProjects/integrationtests/target/test-classes:/Users/marvin.dean/IdeaProjects/integrationtests/target/classes:/Users/marvin.dean/.m2/repository/org/testng/testng/6.8/testng-6.8.jar:/Users/marvin.dean/.m2/repository/junit/junit/4.10/junit-4.10.jar:/Users/marvin.dean/.m2/repository/org/hamcrest/hamcrest-core/1.1/hamcrest-core-1.1.jar:/Users/marvin.dean/.m2/repository/org/beanshell/bsh/2.0b4/bsh-2.0b4.jar:/Users/marvin.dean/.m2/repository/com/beust/jcommander/1.27/jcommander-1.27.jar:/Users/marvin.dean/.m2/repository/org/yaml/snakeyaml/1.6/snakeyaml-1.6.jar:"/>
    <property name="sun.cpu.endian" value="little"/>
    <property name="user.home" value="/Users/marvin.dean"/>
    <property name="user.language" value="en"/>
    <property name="java.specification.vendor" value="Oracle Corporation"/>
    <property name="java.version.date" value="2019-04-16"/>
    <property name="java.home" value="/Library/Java/JavaVirtualMachines/openjdk-12.0.1.jdk/Contents/Home"/>
    <property name="file.separator" value="/"/>
    <property name="basedir" value="/Users/marvin.dean/IdeaProjects/integrationtests"/>
    <property name="java.vm.compressedOopsMode" value="Zero based"/>
    <property name="line.separator" value="&#10;"/>
    <property name="java.vm.specification.vendor" value="Oracle Corporation"/>
    <property name="java.specification.name" value="Java Platform API Specification"/>
    <property name="java.awt.graphicsenv" value="sun.awt.CGraphicsEnvironment"/>
    <property name="surefire.real.class.path" value="/Users/marvin.dean/IdeaProjects/integrationtests/target/surefire/surefirebooter18328507890350574934.jar"/>
    <property name="sun.management.compiler" value="HotSpot 64-Bit Tiered Compilers"/>
    <property name="ftp.nonProxyHosts" value="local|*.local|169.254/16|*.169.254/16"/>
    <property name="java.runtime.version" value="12.0.1+12"/>
    <property name="user.name" value="marvin.dean"/>
    <property name="path.separator" value=":"/>
    <property name="os.version" value="10.14.5"/>
    <property name="java.runtime.name" value="OpenJDK Runtime Environment"/>
    <property name="file.encoding" value="UTF-8"/>
    <property name="java.vm.name" value="OpenJDK 64-Bit Server VM"/>
    <property name="localRepository" value="/Users/marvin.dean/.m2/repository"/>
    <property name="java.vendor.url.bug" value="https://bugreport.java.com/bugreport/"/>
    <property name="java.io.tmpdir" value="/var/folders/w1/7bl88db50c770fcwqd136ywc0000gp/T/"/>
    <property name="java.version" value="12.0.1"/>
    <property name="user.dir" value="/Users/marvin.dean/IdeaProjects/integrationtests"/>
    <property name="os.arch" value="x86_64"/>
    <property name="java.vm.specification.name" value="Java Virtual Machine Specification"/>
    <property name="idea.version2019.1.3" value="true"/>
    <property name="java.library.path" value="/Users/marvin.dean/Library/Java/Extensions:/Library/Java/Extensions:/Network/Library/Java/Extensions:/System/Library/Java/Extensions:/usr/lib/java:."/>
    <property name="java.vm.info" value="mixed mode, sharing"/>
    <property name="java.vendor" value="Oracle Corporation"/>
    <property name="java.vm.version" value="12.0.1+12"/>
    <property name="sun.io.unicode.encoding" value="UnicodeBig"/>
    <property name="socksNonProxyHosts" value="local|*.local|169.254/16|*.169.254/16"/>
    <property name="java.class.version" value="56.0"/>
  </properties>
  <testcase name="ASCIIToCharTest" classname="com.progleasing.integration.CharUtilsTests" time="0.004"/>
  <testcase name="ASCIIToCharTest" classname="com.progleasing.integration.CharUtilsTests" time="0"/>
  <testcase name="ASCIIToCharTest" classname="com.progleasing.integration.CharUtilsTests" time="0"/>
  <testcase name="ASCIIToCharTest" classname="com.progleasing.integration.CharUtilsTests" time="0"/>
  <testcase name="ASCIIToCharTest" classname="com.progleasing.integration.CharUtilsTests" time="0"/>
  <testcase name="ASCIIToCharTest" classname="com.progleasing.integration.CharUtilsTests" time="0"/>
  <testcase name="ASCIIToCharTest" classname="com.progleasing.integration.CharUtilsTests" time="0"/>
  <testcase name="ASCIIToCharTest" classname="com.progleasing.integration.CharUtilsTests" time="0"/>
  <testcase name="ASCIIToCharTest" classname="com.progleasing.integration.CharUtilsTests" time="0"/>
  <testcase name="ASCIIToCharTest" classname="com.progleasing.integration.CharUtilsTests" time="0"/>
  <testcase name="ASCIIToCharTest" classname="com.progleasing.integration.CharUtilsTests" time="0"/>
  <testcase name="ASCIIToCharTest" classname="com.progleasing.integration.CharUtilsTests" time="0"/>
  <testcase name="CharToASCIITest" classname="com.progleasing.integration.CharUtilsTests" time="0"/>
  <testcase name="CharToASCIITest" classname="com.progleasing.integration.CharUtilsTests" time="0"/>
  <testcase name="CharToASCIITest" classname="com.progleasing.integration.CharUtilsTests" time="0"/>
  <testcase name="CharToASCIITest" classname="com.progleasing.integration.CharUtilsTests" time="0"/>
  <testcase name="CharToASCIITest" classname="com.progleasing.integration.CharUtilsTests" time="0"/>
  <testcase name="CharToASCIITest" classname="com.progleasing.integration.CharUtilsTests" time="0"/>
  <testcase name="CharToASCIITest" classname="com.progleasing.integration.CharUtilsTests" time="0"/>
  <testcase name="CharToASCIITest" classname="com.progleasing.integration.CharUtilsTests" time="0"/>
  <testcase name="CharToASCIITest" classname="com.progleasing.integration.CharUtilsTests" time="0"/>
  <testcase name="CharToASCIITest" classname="com.progleasing.integration.CharUtilsTests" time="0.001"/>
  <testcase name="CharToASCIITest" classname="com.progleasing.integration.CharUtilsTests" time="0"/>
  <testcase name="CharToASCIITest" classname="com.progleasing.integration.CharUtilsTests" time="0"/>
</testsuite>